Base path: C:/Program Files/Unity/Editor/Data
Pipe name: \\.\pipe\UnityShaderCompiler-64bit-1-8076
Cmd: getPlatforms
Cmd: compileSnippet
  api=4 type=0 insize=751 outsize=3776 kw=SHADOWS_DEPTH _ALPHATEST_ON ok=1
Cmd: compileSnippet
  api=4 type=1 insize=751 outsize=835 kw=SHADOWS_DEPTH _ALPHATEST_ON ok=1
Cmd: compileSnippet
  api=4 type=0 insize=982 outsize=3979 kw=DIRECTIONAL SHADOWS_OFF LIGHTMAP_OFF DIRLIGHTMAP_OFF DYNAMICLIGHTMAP_OFF _ALPHATEST_ON ok=1
Cmd: compileSnippet
  api=4 type=1 insize=982 outsize=10739 kw=DIRECTIONAL SHADOWS_OFF LIGHTMAP_OFF DIRLIGHTMAP_OFF DYNAMICLIGHTMAP_OFF _ALPHATEST_ON ok=1
Cmd: compileSnippet
  api=4 type=0 insize=938 outsize=4036 kw=DIRECTIONAL SHADOWS_OFF _ALPHATEST_ON ok=1
Cmd: compileSnippet
  api=4 type=1 insize=938 outsize=5718 kw=DIRECTIONAL SHADOWS_OFF _ALPHATEST_ON ok=1
Cmd: compileSnippet
  api=4 type=0 insize=751 outsize=3776 kw=SHADOWS_DEPTH _ALPHABLEND_ON ok=1
Cmd: compileSnippet
  api=4 type=1 insize=751 outsize=1233 kw=SHADOWS_DEPTH _ALPHABLEND_ON ok=1
Cmd: compileSnippet
  api=4 type=0 insize=982 outsize=3979 kw=DIRECTIONAL SHADOWS_OFF LIGHTMAP_OFF DIRLIGHTMAP_OFF DYNAMICLIGHTMAP_OFF _ALPHABLEND_ON ok=1
Cmd: compileSnippet
  api=4 type=1 insize=982 outsize=10585 kw=DIRECTIONAL SHADOWS_OFF LIGHTMAP_OFF DIRLIGHTMAP_OFF DYNAMICLIGHTMAP_OFF _ALPHABLEND_ON ok=1
Cmd: compileSnippet
  api=4 type=0 insize=938 outsize=4036 kw=DIRECTIONAL SHADOWS_OFF _ALPHABLEND_ON ok=1
Cmd: compileSnippet
  api=4 type=1 insize=938 outsize=5539 kw=DIRECTIONAL SHADOWS_OFF _ALPHABLEND_ON ok=1
Cmd: compileSnippet
  api=4 type=0 insize=751 outsize=3776 kw=SHADOWS_DEPTH _ALPHAPREMULTIPLY_ON ok=1
Cmd: compileSnippet
  api=4 type=1 insize=751 outsize=1233 kw=SHADOWS_DEPTH _ALPHAPREMULTIPLY_ON ok=1
Cmd: compileSnippet
  api=4 type=0 insize=982 outsize=3979 kw=DIRECTIONAL SHADOWS_OFF LIGHTMAP_OFF DIRLIGHTMAP_OFF DYNAMICLIGHTMAP_OFF _ALPHAPREMULTIPLY_ON ok=1
Cmd: compileSnippet
  api=4 type=1 insize=982 outsize=10650 kw=DIRECTIONAL SHADOWS_OFF LIGHTMAP_OFF DIRLIGHTMAP_OFF DYNAMICLIGHTMAP_OFF _ALPHAPREMULTIPLY_ON ok=1
Cmd: compileSnippet
  api=4 type=0 insize=938 outsize=4036 kw=DIRECTIONAL SHADOWS_OFF _ALPHAPREMULTIPLY_ON ok=1
Cmd: compileSnippet
  api=4 type=1 insize=938 outsize=5669 kw=DIRECTIONAL SHADOWS_OFF _ALPHAPREMULTIPLY_ON ok=1
Cmd: compileSnippet
  api=4 type=0 insize=982 outsize=3979 kw=DIRECTIONAL SHADOWS_OFF LIGHTMAP_OFF DIRLIGHTMAP_OFF DYNAMICLIGHTMAP_OFF _EMISSION _ALPHABLEND_ON ok=1
Cmd: compileSnippet
  api=4 type=1 insize=982 outsize=10796 kw=DIRECTIONAL SHADOWS_OFF LIGHTMAP_OFF DIRLIGHTMAP_OFF DYNAMICLIGHTMAP_OFF _EMISSION _ALPHABLEND_ON ok=1
Cmd: compileSnippet
  api=4 type=0 insize=982 outsize=3979 kw=DIRECTIONAL SHADOWS_OFF LIGHTMAP_OFF DIRLIGHTMAP_OFF DYNAMICLIGHTMAP_OFF _EMISSION ok=1
Cmd: compileSnippet
  api=4 type=1 insize=982 outsize=10772 kw=DIRECTIONAL SHADOWS_OFF LIGHTMAP_OFF DIRLIGHTMAP_OFF DYNAMICLIGHTMAP_OFF _EMISSION ok=1
Cmd: compileSnippet
  api=4 type=0 insize=938 outsize=4727 kw=SPOT SHADOWS_OFF _ALPHABLEND_ON ok=1
Cmd: compileSnippet
  api=4 type=1 insize=938 outsize=6482 kw=SPOT SHADOWS_OFF _ALPHABLEND_ON ok=1
Cmd: compileSnippet
  api=4 type=0 insize=1642 outsize=2038 kw=SOFTPARTICLES_ON ok=1
Cmd: compileSnippet
  api=4 type=1 insize=1642 outsize=1615 kw=SOFTPARTICLES_ON ok=1
Cmd: compileSnippet
  api=4 type=0 insize=1642 outsize=1290 kw=SOFTPARTICLES_OFF ok=1
Cmd: compileSnippet
  api=4 type=1 insize=1642 outsize=924 kw=SOFTPARTICLES_OFF ok=1
Cmd: compileSnippet
  api=4 type=0 insize=1738 outsize=2038 kw=SOFTPARTICLES_ON ok=1
Cmd: compileSnippet
  api=4 type=1 insize=1738 outsize=1688 kw=SOFTPARTICLES_ON ok=1
Cmd: compileSnippet
  api=4 type=0 insize=1738 outsize=1290 kw=SOFTPARTICLES_OFF ok=1
Cmd: compileSnippet
  api=4 type=1 insize=1738 outsize=965 kw=SOFTPARTICLES_OFF ok=1
Cmd: compileSnippet
  api=4 type=0 insize=1705 outsize=2038 kw=SOFTPARTICLES_ON ok=1
Cmd: compileSnippet
  api=4 type=1 insize=1705 outsize=1615 kw=SOFTPARTICLES_ON ok=1
Cmd: compileSnippet
  api=4 type=0 insize=1705 outsize=1290 kw=SOFTPARTICLES_OFF ok=1
Cmd: compileSnippet
  api=4 type=1 insize=1705 outsize=924 kw=SOFTPARTICLES_OFF ok=1
Cmd: compileSnippet
  api=4 type=0 insize=966 outsize=1290 kw= ok=1
Cmd: compileSnippet
  api=4 type=1 insize=966 outsize=811 kw= ok=1
Cmd: compileSnippet
  api=4 type=0 insize=1811 outsize=2038 kw=SOFTPARTICLES_ON ok=1
Cmd: compileSnippet
  api=4 type=1 insize=1811 outsize=1761 kw=SOFTPARTICLES_ON ok=1
Cmd: compileSnippet
  api=4 type=0 insize=1811 outsize=1290 kw=SOFTPARTICLES_OFF ok=1
Cmd: compileSnippet
  api=4 type=1 insize=1811 outsize=1111 kw=SOFTPARTICLES_OFF ok=1
Cmd: compileSnippet
  api=4 type=0 insize=1827 outsize=2038 kw=SOFTPARTICLES_ON ok=1
Cmd: compileSnippet
  api=4 type=1 insize=1827 outsize=1745 kw=SOFTPARTICLES_ON ok=1
Cmd: compileSnippet
  api=4 type=0 insize=1827 outsize=1290 kw=SOFTPARTICLES_OFF ok=1
Cmd: compileSnippet
  api=4 type=1 insize=1827 outsize=989 kw=SOFTPARTICLES_OFF ok=1
Cmd: compileSnippet
  api=4 type=0 insize=982 outsize=4337 kw=DIRECTIONAL SHADOWS_SCREEN LIGHTMAP_OFF DIRLIGHTMAP_OFF DYNAMICLIGHTMAP_OFF _EMISSION ok=1
Cmd: compileSnippet
  api=4 type=1 insize=982 outsize=11081 kw=DIRECTIONAL SHADOWS_SCREEN LIGHTMAP_OFF DIRLIGHTMAP_OFF DYNAMICLIGHTMAP_OFF _EMISSION ok=1
Cmd: compileSnippet
  api=4 type=0 insize=7636 outsize=5271 kw=DIRECTIONAL SHADOWS_SCREEN LIGHTMAP_OFF DIRLIGHTMAP_OFF DYNAMICLIGHTMAP_OFF ok=1
Cmd: compileSnippet
  api=4 type=1 insize=7636 outsize=2988 kw=DIRECTIONAL SHADOWS_SCREEN LIGHTMAP_OFF DIRLIGHTMAP_OFF DYNAMICLIGHTMAP_OFF ok=1
Cmd: compileSnippet
  api=4 type=0 insize=982 outsize=4638 kw=DIRECTIONAL SHADOWS_OFF LIGHTMAP_OFF DIRLIGHTMAP_OFF DYNAMICLIGHTMAP_OFF _NORMALMAP ok=1
Cmd: compileSnippet
  api=4 type=1 insize=982 outsize=11349 kw=DIRECTIONAL SHADOWS_OFF LIGHTMAP_OFF DIRLIGHTMAP_OFF DYNAMICLIGHTMAP_OFF _NORMALMAP ok=1
Cmd: compileSnippet
  api=4 type=0 insize=938 outsize=4036 kw=DIRECTIONAL SHADOWS_OFF _NORMALMAP ok=1
Cmd: compileSnippet
  api=4 type=1 insize=938 outsize=6214 kw=DIRECTIONAL SHADOWS_OFF _NORMALMAP ok=1
Cmd: compileSnippet
  api=4 type=0 insize=982 outsize=4995 kw=DIRECTIONAL SHADOWS_SCREEN LIGHTMAP_OFF DIRLIGHTMAP_OFF DYNAMICLIGHTMAP_OFF _NORMALMAP ok=1
Cmd: compileSnippet
  api=4 type=1 insize=982 outsize=11658 kw=DIRECTIONAL SHADOWS_SCREEN LIGHTMAP_OFF DIRLIGHTMAP_OFF DYNAMICLIGHTMAP_OFF _NORMALMAP ok=1
Cmd: compileSnippet
  api=4 type=0 insize=751 outsize=3776 kw=SHADOWS_DEPTH _ALPHAPREMULTIPLY_ON ok=1
Cmd: compileSnippet
  api=4 type=1 insize=751 outsize=1233 kw=SHADOWS_DEPTH _ALPHAPREMULTIPLY_ON ok=1
Cmd: compileSnippet
  api=4 type=0 insize=977 outsize=3979 kw=DIRECTIONAL SHADOWS_OFF LIGHTMAP_OFF DIRLIGHTMAP_OFF DYNAMICLIGHTMAP_OFF _ALPHAPREMULTIPLY_ON ok=1
Cmd: compileSnippet
  api=4 type=1 insize=977 outsize=10593 kw=DIRECTIONAL SHADOWS_OFF LIGHTMAP_OFF DIRLIGHTMAP_OFF DYNAMICLIGHTMAP_OFF _ALPHAPREMULTIPLY_ON ok=1
Cmd: compileSnippet
  api=4 type=0 insize=934 outsize=4036 kw=DIRECTIONAL SHADOWS_OFF _ALPHAPREMULTIPLY_ON ok=1
Cmd: compileSnippet
  api=4 type=1 insize=934 outsize=5596 kw=DIRECTIONAL SHADOWS_OFF _ALPHAPREMULTIPLY_ON ok=1
Cmd: compileSnippet
  api=4 type=0 insize=977 outsize=3979 kw=DIRECTIONAL SHADOWS_OFF LIGHTMAP_OFF DIRLIGHTMAP_OFF DYNAMICLIGHTMAP_OFF _EMISSION _ALPHAPREMULTIPLY_ON ok=1
Cmd: compileSnippet
  api=4 type=1 insize=977 outsize=10804 kw=DIRECTIONAL SHADOWS_OFF LIGHTMAP_OFF DIRLIGHTMAP_OFF DYNAMICLIGHTMAP_OFF _EMISSION _ALPHAPREMULTIPLY_ON ok=1
Cmd: compileSnippet
  api=4 type=0 insize=977 outsize=5515 kw=DIRECTIONAL SHADOWS_OFF LIGHTMAP_OFF DIRLIGHTMAP_OFF DYNAMICLIGHTMAP_OFF _EMISSION _PARALLAXMAP _ALPHAPREMULTIPLY_ON ok=1
Cmd: compileSnippet
  api=4 type=1 insize=977 outsize=11617 kw=DIRECTIONAL SHADOWS_OFF LIGHTMAP_OFF DIRLIGHTMAP_OFF DYNAMICLIGHTMAP_OFF _EMISSION _PARALLAXMAP _ALPHAPREMULTIPLY_ON ok=1
Cmd: compileSnippet
  api=4 type=0 insize=934 outsize=5109 kw=DIRECTIONAL SHADOWS_OFF _PARALLAXMAP _ALPHAPREMULTIPLY_ON ok=1
Cmd: compileSnippet
  api=4 type=1 insize=934 outsize=6271 kw=DIRECTIONAL SHADOWS_OFF _PARALLAXMAP _ALPHAPREMULTIPLY_ON ok=1
Cmd: compileSnippet
  api=4 type=0 insize=977 outsize=3979 kw=DIRECTIONAL SHADOWS_OFF LIGHTMAP_OFF DIRLIGHTMAP_OFF DYNAMICLIGHTMAP_OFF _EMISSION _ALPHABLEND_ON ok=1
Cmd: compileSnippet
  api=4 type=1 insize=977 outsize=10683 kw=DIRECTIONAL SHADOWS_OFF LIGHTMAP_OFF DIRLIGHTMAP_OFF DYNAMICLIGHTMAP_OFF _EMISSION _ALPHABLEND_ON ok=1
Cmd: compileSnippet
  api=4 type=0 insize=977 outsize=4337 kw=DIRECTIONAL SHADOWS_SCREEN LIGHTMAP_OFF DIRLIGHTMAP_OFF DYNAMICLIGHTMAP_OFF _EMISSION _ALPHATEST_ON ok=1
Cmd: compileSnippet
  api=4 type=1 insize=977 outsize=11146 kw=DIRECTIONAL SHADOWS_SCREEN LIGHTMAP_OFF DIRLIGHTMAP_OFF DYNAMICLIGHTMAP_OFF _EMISSION _ALPHATEST_ON ok=1
Cmd: compileSnippet
  api=4 type=0 insize=977 outsize=3979 kw=DIRECTIONAL SHADOWS_OFF LIGHTMAP_OFF DIRLIGHTMAP_OFF DYNAMICLIGHTMAP_OFF _EMISSION _ALPHATEST_ON ok=1
Cmd: compileSnippet
  api=4 type=1 insize=977 outsize=10837 kw=DIRECTIONAL SHADOWS_OFF LIGHTMAP_OFF DIRLIGHTMAP_OFF DYNAMICLIGHTMAP_OFF _EMISSION _ALPHATEST_ON ok=1
Cmd: compileSnippet
  api=4 type=0 insize=934 outsize=4036 kw=DIRECTIONAL SHADOWS_OFF _ALPHATEST_ON ok=1
Cmd: compileSnippet
  api=4 type=1 insize=934 outsize=5645 kw=DIRECTIONAL SHADOWS_OFF _ALPHATEST_ON ok=1
Cmd: compileSnippet
  api=1 type=0 insize=977 outsize=842 kw=DIRECTIONAL SHADOWS_OFF LIGHTMAP_OFF DIRLIGHTMAP_OFF DYNAMICLIGHTMAP_OFF _ALPHABLEND_ON ok=1
Cmd: compileSnippet
  api=1 type=0 insize=977 outsize=1485 kw=DIRECTIONAL SHADOWS_SCREEN LIGHTMAP_OFF DIRLIGHTMAP_OFF DYNAMICLIGHTMAP_OFF VERTEXLIGHT_ON _ALPHABLEND_ON ok=1
Cmd: compileSnippet
  api=1 type=1 insize=977 outsize=3700 kw=DIRECTIONAL SHADOWS_OFF LIGHTMAP_OFF DIRLIGHTMAP_OFF DYNAMICLIGHTMAP_OFF _ALPHABLEND_ON ok=1
Cmd: compileSnippet
  api=4 type=0 insize=934 outsize=4727 kw=POINT SHADOWS_OFF _ALPHABLEND_ON ok=1
Cmd: compileSnippet
  api=1 type=0 insize=934 outsize=882 kw=DIRECTIONAL_COOKIE SHADOWS_OFF _ALPHABLEND_ON ok=1
Cmd: compileSnippet
  api=1 type=0 insize=934 outsize=1005 kw=SPOT SHADOWS_DEPTH SHADOWS_NATIVE _ALPHABLEND_ON ok=1
Cmd: compileSnippet
  api=1 type=0 insize=934 outsize=1051 kw=DIRECTIONAL_COOKIE SHADOWS_SCREEN _ALPHABLEND_ON ok=1
Cmd: compileSnippet
  api=4 type=0 insize=934 outsize=4873 kw=POINT SHADOWS_CUBE _ALPHABLEND_ON ok=1
Cmd: compileSnippet
  api=1 type=0 insize=934 outsize=943 kw=POINT_COOKIE SHADOWS_CUBE SHADOWS_SOFT _ALPHABLEND_ON ok=1
Cmd: compileSnippet
  api=1 type=1 insize=934 outsize=2124 kw=POINT SHADOWS_OFF _ALPHABLEND_ON ok=1
Cmd: compileSnippet
  api=4 type=1 insize=934 outsize=6100 kw=POINT_COOKIE SHADOWS_OFF _ALPHABLEND_ON ok=1
Cmd: compileSnippet
  api=4 type=1 insize=934 outsize=7002 kw=SPOT SHADOWS_DEPTH SHADOWS_NATIVE _ALPHABLEND_ON ok=1
Cmd: compileSnippet
  api=1 type=1 insize=934 outsize=2331 kw=POINT SHADOWS_CUBE _ALPHABLEND_ON ok=1
Cmd: compileSnippet
  api=1 type=1 insize=934 outsize=2626 kw=SPOT SHADOWS_DEPTH SHADOWS_SOFT SHADOWS_NATIVE _ALPHABLEND_ON ok=1
Cmd: compileSnippet
  api=1 type=1 insize=934 outsize=2630 kw=POINT_COOKIE SHADOWS_CUBE SHADOWS_SOFT _ALPHABLEND_ON ok=1
Cmd: compileSnippet
  api=1 type=1 insize=751 outsize=298 kw=SHADOWS_DEPTH _ALPHABLEND_ON ok=1
Cmd: compileSnippet
  api=4 type=0 insize=1148 outsize=3979 kw=LIGHTMAP_OFF DIRLIGHTMAP_OFF DYNAMICLIGHTMAP_OFF _ALPHABLEND_ON ok=1
Cmd: compileSnippet
  api=4 type=1 insize=1148 outsize=7790 kw=LIGHTMAP_OFF DIRLIGHTMAP_OFF DYNAMICLIGHTMAP_OFF _ALPHABLEND_ON ok=1
Cmd: compileSnippet
  api=4 type=0 insize=903 outsize=4313 kw=DIRECTIONAL SHADOWS_OFF LIGHTMAP_OFF DIRLIGHTMAP_OFF DYNAMICLIGHTMAP_OFF _ALPHABLEND_ON ok=1
Cmd: compileSnippet
  api=1 type=0 insize=903 outsize=1345 kw=DIRECTIONAL SHADOWS_OFF LIGHTMAP_OFF DIRLIGHTMAP_OFF DYNAMICLIGHTMAP_OFF VERTEXLIGHT_ON _ALPHABLEND_ON ok=1
Cmd: compileSnippet
  api=4 type=0 insize=903 outsize=6084 kw=DIRECTIONAL SHADOWS_SCREEN LIGHTMAP_OFF DIRLIGHTMAP_OFF DYNAMICLIGHTMAP_OFF VERTEXLIGHT_ON _ALPHABLEND_ON ok=1
Cmd: compileSnippet
  api=4 type=1 insize=903 outsize=3849 kw=DIRECTIONAL SHADOWS_OFF LIGHTMAP_OFF DIRLIGHTMAP_OFF DYNAMICLIGHTMAP_OFF _ALPHABLEND_ON ok=1
Cmd: compileSnippet
  api=8 type=1 insize=903 outsize=6224 kw=DIRECTIONAL SHADOWS_SCREEN SHADOWS_NATIVE LIGHTMAP_OFF DIRLIGHTMAP_OFF DYNAMICLIGHTMAP_OFF _ALPHABLEND_ON ok=1
Cmd: compileSnippet
  api=1 type=0 insize=812 outsize=781 kw=DIRECTIONAL SHADOWS_OFF _ALPHABLEND_ON ok=1
Cmd: compileSnippet
  api=8 type=0 insize=812 outsize=6086 kw=DIRECTIONAL SHADOWS_OFF _ALPHABLEND_ON ok=1
Cmd: compileSnippet
  api=4 type=0 insize=812 outsize=5036 kw=POINT_COOKIE SHADOWS_OFF _ALPHABLEND_ON ok=1
Cmd: compileSnippet
  api=4 type=0 insize=812 outsize=4881 kw=DIRECTIONAL_COOKIE SHADOWS_OFF _ALPHABLEND_ON ok=1
Cmd: compileSnippet
  api=4 type=0 insize=812 outsize=5450 kw=SPOT SHADOWS_DEPTH SHADOWS_NATIVE _ALPHABLEND_ON ok=1
Cmd: compileSnippet
  api=4 type=0 insize=812 outsize=5239 kw=DIRECTIONAL_COOKIE SHADOWS_SCREEN _ALPHABLEND_ON ok=1
Cmd: compileSnippet
  api=1 type=0 insize=812 outsize=893 kw=POINT_COOKIE SHADOWS_CUBE _ALPHABLEND_ON ok=1
Cmd: compileSnippet
  api=8 type=0 insize=812 outsize=7142 kw=DIRECTIONAL SHADOWS_SCREEN SHADOWS_NATIVE _ALPHABLEND_ON ok=1
Cmd: compileSnippet
  api=1 type=1 insize=812 outsize=648 kw=DIRECTIONAL SHADOWS_OFF _ALPHABLEND_ON ok=1
Cmd: compileSnippet
  api=8 type=1 insize=812 outsize=3575 kw=DIRECTIONAL SHADOWS_OFF _ALPHABLEND_ON ok=1
Cmd: compileSnippet
  api=8 type=1 insize=812 outsize=4355 kw=POINT_COOKIE SHADOWS_OFF _ALPHABLEND_ON ok=1
Cmd: compileSnippet
  api=1 type=1 insize=812 outsize=943 kw=SPOT SHADOWS_DEPTH SHADOWS_NATIVE _ALPHABLEND_ON ok=1
Cmd: compileSnippet
  api=4 type=1 insize=812 outsize=2712 kw=DIRECTIONAL SHADOWS_SCREEN _ALPHABLEND_ON ok=1
Cmd: compileSnippet
  api=1 type=1 insize=812 outsize=918 kw=POINT SHADOWS_CUBE _ALPHABLEND_ON ok=1
Cmd: compileSnippet
  api=4 type=1 insize=812 outsize=3581 kw=POINT_COOKIE SHADOWS_CUBE _ALPHABLEND_ON ok=1
Cmd: compileSnippet
  api=4 type=0 insize=600 outsize=3776 kw=SHADOWS_DEPTH _ALPHABLEND_ON ok=1
Cmd: compileSnippet
  api=8 type=1 insize=600 outsize=1251 kw=SHADOWS_DEPTH _ALPHABLEND_ON ok=1
Cmd: compileSnippet
  api=4 type=0 insize=7257 outsize=5263 kw=DIRECTIONAL SHADOWS_SCREEN LIGHTMAP_OFF DIRLIGHTMAP_OFF DYNAMICLIGHTMAP_OFF ok=1
Cmd: compileSnippet
  api=4 type=1 insize=7257 outsize=2371 kw=DIRECTIONAL SHADOWS_SCREEN LIGHTMAP_OFF DIRLIGHTMAP_OFF DYNAMICLIGHTMAP_OFF ok=1
Cmd: compileSnippet
  api=4 type=0 insize=7523 outsize=5109 kw=DIRECTIONAL SHADOWS_SCREEN LIGHTMAP_OFF DIRLIGHTMAP_OFF DYNAMICLIGHTMAP_OFF ok=1
Cmd: compileSnippet
  api=4 type=1 insize=7523 outsize=3784 kw=DIRECTIONAL SHADOWS_SCREEN LIGHTMAP_OFF DIRLIGHTMAP_OFF DYNAMICLIGHTMAP_OFF ok=1
Cmd: compileSnippet
  api=4 type=0 insize=1482 outsize=2038 kw=SOFTPARTICLES_ON ok=1
Cmd: compileSnippet
  api=4 type=1 insize=1482 outsize=1550 kw=SOFTPARTICLES_ON ok=1
Cmd: compileSnippet
  api=4 type=0 insize=1482 outsize=1290 kw=SOFTPARTICLES_OFF ok=1
Cmd: compileSnippet
  api=4 type=1 insize=1482 outsize=827 kw=SOFTPARTICLES_OFF ok=1
Cmd: compileSnippet
  api=4 type=0 insize=977 outsize=5873 kw=DIRECTIONAL SHADOWS_SCREEN LIGHTMAP_OFF DIRLIGHTMAP_OFF DYNAMICLIGHTMAP_OFF _PARALLAXMAP _DETAIL_MULX2 _ALPHATEST_ON _NORMALMAP _SPECGLOSSMAP ok=1
Cmd: compileSnippet
  api=4 type=1 insize=977 outsize=13949 kw=DIRECTIONAL SHADOWS_SCREEN LIGHTMAP_OFF DIRLIGHTMAP_OFF DYNAMICLIGHTMAP_OFF _PARALLAXMAP _DETAIL_MULX2 _ALPHATEST_ON _NORMALMAP _SPECGLOSSMAP ok=1
